Our hardware rental store is now open!
Customers: 4
Day 1 is starting!
Active Rentals are as follows: 
Tools left in the store are as follows: 
Tape
Tarp
PaintPan
Pitchfork
Shovel
Wheelbarrow
BagOfMix
Hose
Sawhorse
Weedeater
Pruners
Canvas
Joint
Mowers
Woodfile
Axe
Brush
Sealant
Gloves
Faucet
Pipe
Saw
Mixer
Customer Betty is adding tool Tape to their shopping cart
They are renting the tool for 7 day(s)
 Adding option accessory kit to their shopping cart before check out
 Adding option protective gear to their shopping cart before check out
 Adding option extension cord to their shopping cart before check out
Customer Betty is checking out and paying 67
Customer Betty is adding tool Tarp to their shopping cart
They are renting the tool for 7 day(s)
 Adding option extension cord to their shopping cart before check out
 Adding option extension cord to their shopping cart before check out
 Adding option extension cord to their shopping cart before check out
 Adding option extension cord to their shopping cart before check out
Customer Betty is checking out and paying 27
Customer Betty is adding tool PaintPan to their shopping cart
They are renting the tool for 7 day(s)
 Adding option accessory kit to their shopping cart before check out
 Adding option accessory kit to their shopping cart before check out
 Adding option accessory kit to their shopping cart before check out
 Adding option extension cord to their shopping cart before check out
 Adding option extension cord to their shopping cart before check out
Customer Betty is checking out and paying 92
Customer Carrie is adding tool Pitchfork to their shopping cart
They are renting the tool for 2 day(s)
 Adding option extension cord to their shopping cart before check out
 Adding option protective gear to their shopping cart before check out
 Adding option extension cord to their shopping cart before check out
 Adding option protective gear to their shopping cart before check out
 Adding option accessory kit to their shopping cart before check out
 Adding option extension cord to their shopping cart before check out
Customer Carrie is checking out and paying 107
Customer Carrie is adding tool Shovel to their shopping cart
They are renting the tool for 2 day(s)
 Adding option extension cord to their shopping cart before check out
 Adding option protective gear to their shopping cart before check out
 Adding option protective gear to their shopping cart before check out
 Adding option accessory kit to their shopping cart before check out
 Adding option extension cord to their shopping cart before check out
Customer Carrie is checking out and paying 102
Customer Conner is adding tool Wheelbarrow to their shopping cart
They are renting the tool for 2 day(s)
 Adding option protective gear to their shopping cart before check out
Customer Conner is checking out and paying 37
Customer Conner is adding tool BagOfMix to their shopping cart
They are renting the tool for 2 day(s)
 Adding option accessory kit to their shopping cart before check out
 Adding option accessory kit to their shopping cart before check out
 Adding option protective gear to their shopping cart before check out
 Adding option protective gear to their shopping cart before check out
Customer Conner is checking out and paying 117
The Store made 549 dollars today
Customers: 7
Day 2 is starting!
Active Rentals are as follows: 
Betty is currently renting Tape
Betty is currently renting Tarp
Betty is currently renting PaintPan
Carrie is currently renting Pitchfork
Carrie is currently renting Shovel
Conner is currently renting Wheelbarrow
Conner is currently renting BagOfMix
Tools left in the store are as follows: 
Hose
Sawhorse
Weedeater
Pruners
Canvas
Joint
Mowers
Woodfile
Axe
Brush
Sealant
Gloves
Faucet
Pipe
Saw
Mixer
Customer Rachel is adding tool Hose to their shopping cart
They are renting the tool for 5 day(s)
 Adding option protective gear to their shopping cart before check out
 Adding option accessory kit to their shopping cart before check out
 Adding option accessory kit to their shopping cart before check out
Customer Rachel is checking out and paying 87
Customer Rachel is adding tool Sawhorse to their shopping cart
They are renting the tool for 5 day(s)
Customer Rachel is checking out and paying 7
Customer Rachel is adding tool Weedeater to their shopping cart
They are renting the tool for 4 day(s)
 Adding option extension cord to their shopping cart before check out
 Adding option protective gear to their shopping cart before check out
 Adding option protective gear to their shopping cart before check out
 Adding option protective gear to their shopping cart before check out
 Adding option extension cord to their shopping cart before check out
 Adding option accessory kit to their shopping cart before check out
Customer Rachel is checking out and paying 132
Customer Rachel is adding tool Pruners to their shopping cart
They are renting the tool for 4 day(s)
 Adding option protective gear to their shopping cart before check out
Customer Rachel is checking out and paying 37
Customer Rachel is adding tool Canvas to their shopping cart
They are renting the tool for 4 day(s)
 Adding option accessory kit to their shopping cart before check out
 Adding option protective gear to their shopping cart before check out
 Adding option extension cord to their shopping cart before check out
Customer Rachel is checking out and paying 67
Customer Bill is adding tool Joint to their shopping cart
They are renting the tool for 7 day(s)
 Adding option accessory kit to their shopping cart before check out
 Adding option accessory kit to their shopping cart before check out
 Adding option extension cord to their shopping cart before check out
Customer Bill is checking out and paying 62
Customer Bill is adding tool Mowers to their shopping cart
They are renting the tool for 7 day(s)
Customer Bill is checking out and paying 7
Customer Bill is adding tool Woodfile to their shopping cart
They are renting the tool for 7 day(s)
 Adding option accessory kit to their shopping cart before check out
 Adding option accessory kit to their shopping cart before check out
 Adding option extension cord to their shopping cart before check out
Customer Bill is checking out and paying 62
Customer Ralph is adding tool Axe to their shopping cart
They are renting the tool for 3 day(s)
 Adding option protective gear to their shopping cart before check out
 Adding option extension cord to their shopping cart before check out
 Adding option protective gear to their shopping cart before check out
 Adding option accessory kit to their shopping cart before check out
 Adding option accessory kit to their shopping cart before check out
Customer Ralph is checking out and paying 122
Customer Ralph is adding tool Brush to their shopping cart
They are renting the tool for 3 day(s)
 Adding option accessory kit to their shopping cart before check out
 Adding option protective gear to their shopping cart before check out
 Adding option accessory kit to their shopping cart before check out
 Adding option accessory kit to their shopping cart before check out
Customer Ralph is checking out and paying 112
Customer Ralph is adding tool Sealant to their shopping cart
They are renting the tool for 3 day(s)
 Adding option extension cord to their shopping cart before check out
 Adding option protective gear to their shopping cart before check out
 Adding option accessory kit to their shopping cart before check out
Customer Ralph is checking out and paying 67
Customer Ron is adding tool Gloves to their shopping cart
They are renting the tool for 3 day(s)
 Adding option accessory kit to their shopping cart before check out
 Adding option accessory kit to their shopping cart before check out
 Adding option extension cord to their shopping cart before check out
 Adding option accessory kit to their shopping cart before check out
 Adding option protective gear to their shopping cart before check out
Customer Ron is checking out and paying 117
Customer Ron is adding tool Faucet to their shopping cart
They are renting the tool for 3 day(s)
 Adding option protective gear to their shopping cart before check out
 Adding option accessory kit to their shopping cart before check out
 Adding option accessory kit to their shopping cart before check out
 Adding option accessory kit to their shopping cart before check out
 Adding option extension cord to their shopping cart before check out
 Adding option extension cord to their shopping cart before check out
Customer Ron is checking out and paying 122
The Store made 1001 dollars today
Customers: 3
Day 3 is starting!
Active Rentals are as follows: 
Betty is currently renting Tape
Betty is currently renting Tarp
Betty is currently renting PaintPan
Carrie is currently renting Pitchfork
Carrie is currently renting Shovel
Conner is currently renting Wheelbarrow
Conner is currently renting BagOfMix
Rachel is currently renting Hose
Rachel is currently renting Sawhorse
Rachel is currently renting Weedeater
Rachel is currently renting Pruners
Rachel is currently renting Canvas
Bill is currently renting Joint
Bill is currently renting Mowers
Bill is currently renting Woodfile
Ralph is currently renting Axe
Ralph is currently renting Brush
Ralph is currently renting Sealant
Ron is currently renting Gloves
Ron is currently renting Faucet
Tools left in the store are as follows: 
Pipe
Saw
Mixer
Customer Bob is adding tool Pipe to their shopping cart
They are renting the tool for 7 day(s)
 Adding option accessory kit to their shopping cart before check out
 Adding option extension cord to their shopping cart before check out
 Adding option protective gear to their shopping cart before check out
Customer Bob is checking out and paying 67
Customer Bob is adding tool Saw to their shopping cart
They are renting the tool for 7 day(s)
 Adding option protective gear to their shopping cart before check out
 Adding option accessory kit to their shopping cart before check out
 Adding option protective gear to their shopping cart before check out
 Adding option accessory kit to their shopping cart before check out
 Adding option accessory kit to their shopping cart before check out
Customer Bob is checking out and paying 142
Customer Bob is adding tool Mixer to their shopping cart
They are renting the tool for 7 day(s)
 Adding option protective gear to their shopping cart before check out
 Adding option accessory kit to their shopping cart before check out
 Adding option accessory kit to their shopping cart before check out
 Adding option accessory kit to their shopping cart before check out
 Adding option accessory kit to their shopping cart before check out
Customer Bob is checking out and paying 137
The Store made 346 dollars today
Customers: 6
Day 4 is starting!
Customer Conner is returning tool: Wheelbarrow
Customer Conner is returning tool: BagOfMix
Customer Carrie is returning tool: Pitchfork
Customer Carrie is returning tool: Shovel
Active Rentals are as follows: 
Betty is currently renting Tape
Betty is currently renting Tarp
Betty is currently renting PaintPan
Rachel is currently renting Hose
Rachel is currently renting Sawhorse
Rachel is currently renting Weedeater
Rachel is currently renting Pruners
Rachel is currently renting Canvas
Bill is currently renting Joint
Bill is currently renting Mowers
Bill is currently renting Woodfile
Ralph is currently renting Axe
Ralph is currently renting Brush
Ralph is currently renting Sealant
Ron is currently renting Gloves
Ron is currently renting Faucet
Bob is currently renting Pipe
Bob is currently renting Saw
Bob is currently renting Mixer
Tools left in the store are as follows: 
Pitchfork
Shovel
Wheelbarrow
BagOfMix
Customer Rebecca is adding tool Pitchfork to their shopping cart
They are renting the tool for 5 day(s)
 Adding option extension cord to their shopping cart before check out
 Adding option protective gear to their shopping cart before check out
 Adding option accessory kit to their shopping cart before check out
Customer Rebecca is checking out and paying 67
The Store made 67 dollars today
Customers: 9
Day 5 is starting!
Active Rentals are as follows: 
Betty is currently renting Tape
Betty is currently renting Tarp
Betty is currently renting PaintPan
Rebecca is currently renting Pitchfork
Rachel is currently renting Hose
Rachel is currently renting Sawhorse
Rachel is currently renting Weedeater
Rachel is currently renting Pruners
Rachel is currently renting Canvas
Bill is currently renting Joint
Bill is currently renting Mowers
Bill is currently renting Woodfile
Ralph is currently renting Axe
Ralph is currently renting Brush
Ralph is currently renting Sealant
Ron is currently renting Gloves
Ron is currently renting Faucet
Bob is currently renting Pipe
Bob is currently renting Saw
Bob is currently renting Mixer
Tools left in the store are as follows: 
Shovel
Wheelbarrow
BagOfMix
Customer Rebecca is adding tool Shovel to their shopping cart
They are renting the tool for 3 day(s)
Customer Rebecca is checking out and paying 7
Customer Rebecca is adding tool Wheelbarrow to their shopping cart
They are renting the tool for 3 day(s)
 Adding option accessory kit to their shopping cart before check out
Customer Rebecca is checking out and paying 32
Customer Carrie is adding tool BagOfMix to their shopping cart
They are renting the tool for 2 day(s)
 Adding option accessory kit to their shopping cart before check out
 Adding option extension cord to their shopping cart before check out
Customer Carrie is checking out and paying 37
The Store made 76 dollars today
Customers: 5
Day 6 is starting!
Customer Ron is returning tool: Gloves
Customer Ron is returning tool: Faucet
Customer Ralph is returning tool: Brush
Customer Ralph is returning tool: Sealant
Customer Ralph is returning tool: Axe
Active Rentals are as follows: 
Betty is currently renting Tape
Betty is currently renting Tarp
Betty is currently renting PaintPan
Rebecca is currently renting Pitchfork
Rebecca is currently renting Shovel
Rebecca is currently renting Wheelbarrow
Carrie is currently renting BagOfMix
Rachel is currently renting Hose
Rachel is currently renting Sawhorse
Rachel is currently renting Weedeater
Rachel is currently renting Pruners
Rachel is currently renting Canvas
Bill is currently renting Joint
Bill is currently renting Mowers
Bill is currently renting Woodfile
Bob is currently renting Pipe
Bob is currently renting Saw
Bob is currently renting Mixer
Tools left in the store are as follows: 
Axe
Brush
Sealant
Gloves
Faucet
Customer Ralph is adding tool Axe to their shopping cart
They are renting the tool for 4 day(s)
 Adding option protective gear to their shopping cart before check out
 Adding option extension cord to their shopping cart before check out
 Adding option accessory kit to their shopping cart before check out
 Adding option protective gear to their shopping cart before check out
 Adding option extension cord to their shopping cart before check out
 Adding option protective gear to their shopping cart before check out
Customer Ralph is checking out and paying 132
Customer Ralph is adding tool Brush to their shopping cart
They are renting the tool for 4 day(s)
 Adding option protective gear to their shopping cart before check out
 Adding option accessory kit to their shopping cart before check out
 Adding option accessory kit to their shopping cart before check out
 Adding option extension cord to their shopping cart before check out
Customer Ralph is checking out and paying 92
The Store made 224 dollars today
Customers: 10
Day 7 is starting!
Customer Rachel is returning tool: Weedeater
Customer Rachel is returning tool: Pruners
Customer Rachel is returning tool: Canvas
Active Rentals are as follows: 
Betty is currently renting Tape
Betty is currently renting Tarp
Betty is currently renting PaintPan
Rebecca is currently renting Pitchfork
Rebecca is currently renting Shovel
Rebecca is currently renting Wheelbarrow
Carrie is currently renting BagOfMix
Rachel is currently renting Hose
Rachel is currently renting Sawhorse
Bill is currently renting Joint
Bill is currently renting Mowers
Bill is currently renting Woodfile
Ralph is currently renting Axe
Ralph is currently renting Brush
Bob is currently renting Pipe
Bob is currently renting Saw
Bob is currently renting Mixer
Tools left in the store are as follows: 
Weedeater
Pruners
Canvas
Sealant
Gloves
Faucet
Customer Ron is adding tool Weedeater to their shopping cart
They are renting the tool for 3 day(s)
 Adding option extension cord to their shopping cart before check out
 Adding option accessory kit to their shopping cart before check out
Customer Ron is checking out and paying 37
Customer Conner is adding tool Pruners to their shopping cart
They are renting the tool for 2 day(s)
 Adding option protective gear to their shopping cart before check out
 Adding option extension cord to their shopping cart before check out
 Adding option protective gear to their shopping cart before check out
 Adding option extension cord to their shopping cart before check out
Customer Conner is checking out and paying 77
Customer Conner is adding tool Canvas to their shopping cart
They are renting the tool for 2 day(s)
 Adding option extension cord to their shopping cart before check out
 Adding option protective gear to their shopping cart before check out
 Adding option accessory kit to their shopping cart before check out
 Adding option protective gear to their shopping cart before check out
Customer Conner is checking out and paying 97
Customer Carl is adding tool Sealant to their shopping cart
They are renting the tool for 1 day(s)
 Adding option extension cord to their shopping cart before check out
 Adding option accessory kit to their shopping cart before check out
 Adding option extension cord to their shopping cart before check out
 Adding option protective gear to their shopping cart before check out
 Adding option accessory kit to their shopping cart before check out
Customer Carl is checking out and paying 97
Customer Carl is adding tool Gloves to their shopping cart
They are renting the tool for 1 day(s)
 Adding option extension cord to their shopping cart before check out
 Adding option extension cord to their shopping cart before check out
 Adding option extension cord to their shopping cart before check out
 Adding option protective gear to their shopping cart before check out
 Adding option accessory kit to their shopping cart before check out
Customer Carl is checking out and paying 77
Customer Ron is adding tool Faucet to their shopping cart
They are renting the tool for 5 day(s)
Customer Ron is checking out and paying 7
The Store made 392 dollars today
Customers: 10
Day 8 is starting!
Customer Carrie is returning tool: BagOfMix
Customer Rachel is returning tool: Hose
Customer Rachel is returning tool: Sawhorse
Active Rentals are as follows: 
Betty is currently renting Tape
Betty is currently renting Tarp
Betty is currently renting PaintPan
Rebecca is currently renting Pitchfork
Rebecca is currently renting Shovel
Rebecca is currently renting Wheelbarrow
Ron is currently renting Weedeater
Conner is currently renting Pruners
Conner is currently renting Canvas
Bill is currently renting Joint
Bill is currently renting Mowers
Bill is currently renting Woodfile
Ralph is currently renting Axe
Ralph is currently renting Brush
Carl is currently renting Sealant
Carl is currently renting Gloves
Ron is currently renting Faucet
Bob is currently renting Pipe
Bob is currently renting Saw
Bob is currently renting Mixer
Tools left in the store are as follows: 
BagOfMix
Hose
Sawhorse
Customer Rachel is adding tool BagOfMix to their shopping cart
They are renting the tool for 4 day(s)
 Adding option accessory kit to their shopping cart before check out
 Adding option accessory kit to their shopping cart before check out
 Adding option protective gear to their shopping cart before check out
 Adding option extension cord to their shopping cart before check out
Customer Rachel is checking out and paying 92
Customer Charlie is adding tool Hose to their shopping cart
They are renting the tool for 1 day(s)
 Adding option protective gear to their shopping cart before check out
 Adding option accessory kit to their shopping cart before check out
 Adding option extension cord to their shopping cart before check out
Customer Charlie is checking out and paying 67
Customer Charlie is adding tool Sawhorse to their shopping cart
They are renting the tool for 1 day(s)
 Adding option accessory kit to their shopping cart before check out
 Adding option protective gear to their shopping cart before check out
 Adding option extension cord to their shopping cart before check out
 Adding option accessory kit to their shopping cart before check out
 Adding option extension cord to their shopping cart before check out
Customer Charlie is checking out and paying 97
The Store made 256 dollars today
Customers: 8
Day 9 is starting!
Customer Carl is returning tool: Sealant
Customer Carl is returning tool: Gloves
Customer Betty is returning tool: Tape
Customer Betty is returning tool: Tarp
Customer Betty is returning tool: PaintPan
Customer Rebecca is returning tool: Shovel
Customer Rebecca is returning tool: Wheelbarrow
Active Rentals are as follows: 
Rebecca is currently renting Pitchfork
Rachel is currently renting BagOfMix
Charlie is currently renting Hose
Charlie is currently renting Sawhorse
Ron is currently renting Weedeater
Conner is currently renting Pruners
Conner is currently renting Canvas
Bill is currently renting Joint
Bill is currently renting Mowers
Bill is currently renting Woodfile
Ralph is currently renting Axe
Ralph is currently renting Brush
Ron is currently renting Faucet
Bob is currently renting Pipe
Bob is currently renting Saw
Bob is currently renting Mixer
Tools left in the store are as follows: 
Tape
Tarp
PaintPan
Shovel
Wheelbarrow
Sealant
Gloves
Customer Rachel is adding tool Tape to their shopping cart
They are renting the tool for 4 day(s)
 Adding option extension cord to their shopping cart before check out
Customer Rachel is checking out and paying 12
Customer Rachel is adding tool Tarp to their shopping cart
They are renting the tool for 4 day(s)
 Adding option extension cord to their shopping cart before check out
 Adding option protective gear to their shopping cart before check out
Customer Rachel is checking out and paying 42
Customer Rebecca is adding tool PaintPan to their shopping cart
They are renting the tool for 5 day(s)
 Adding option extension cord to their shopping cart before check out
Customer Rebecca is checking out and paying 12
Customer Rebecca is adding tool Shovel to their shopping cart
They are renting the tool for 5 day(s)
 Adding option extension cord to their shopping cart before check out
 Adding option extension cord to their shopping cart before check out
Customer Rebecca is checking out and paying 17
The Store made 83 dollars today
Customers: 9
Day 10 is starting!
Customer Conner is returning tool: Pruners
Customer Conner is returning tool: Canvas
Customer Charlie is returning tool: Hose
Customer Charlie is returning tool: Sawhorse
Customer Bill is returning tool: Joint
Customer Bill is returning tool: Mowers
Customer Bill is returning tool: Woodfile
Customer Rebecca is returning tool: Pitchfork
Active Rentals are as follows: 
Rachel is currently renting Tape
Rachel is currently renting Tarp
Rebecca is currently renting PaintPan
Rebecca is currently renting Shovel
Rachel is currently renting BagOfMix
Ron is currently renting Weedeater
Ralph is currently renting Axe
Ralph is currently renting Brush
Ron is currently renting Faucet
Bob is currently renting Pipe
Bob is currently renting Saw
Bob is currently renting Mixer
Tools left in the store are as follows: 
Pitchfork
Wheelbarrow
Hose
Sawhorse
Pruners
Canvas
Joint
Mowers
Woodfile
Sealant
Gloves
Customer Carl is adding tool Pitchfork to their shopping cart
They are renting the tool for 2 day(s)
 Adding option extension cord to their shopping cart before check out
 Adding option extension cord to their shopping cart before check out
 Adding option protective gear to their shopping cart before check out
 Adding option protective gear to their shopping cart before check out
Customer Carl is checking out and paying 77
Customer Carrie is adding tool Wheelbarrow to their shopping cart
They are renting the tool for 2 day(s)
 Adding option protective gear to their shopping cart before check out
 Adding option extension cord to their shopping cart before check out
Customer Carrie is checking out and paying 42
Customer Conner is adding tool Hose to their shopping cart
They are renting the tool for 1 day(s)
Customer Conner is checking out and paying 7
Customer Charlie is adding tool Sawhorse to their shopping cart
They are renting the tool for 2 day(s)
 Adding option accessory kit to their shopping cart before check out
 Adding option protective gear to their shopping cart before check out
Customer Charlie is checking out and paying 62
Customer Conner is adding tool Pruners to their shopping cart
They are renting the tool for 2 day(s)
 Adding option accessory kit to their shopping cart before check out
 Adding option protective gear to their shopping cart before check out
Customer Conner is checking out and paying 62
Customer Conner is adding tool Canvas to their shopping cart
They are renting the tool for 2 day(s)
 Adding option accessory kit to their shopping cart before check out
 Adding option protective gear to their shopping cart before check out
 Adding option protective gear to their shopping cart before check out
Customer Conner is checking out and paying 92
The Store made 342 dollars today
Customers: 6
Day 11 is starting!
Customer Bob is returning tool: Pipe
Customer Bob is returning tool: Saw
Customer Bob is returning tool: Mixer
Customer Ron is returning tool: Weedeater
Customer Ralph is returning tool: Brush
Customer Ralph is returning tool: Axe
Active Rentals are as follows: 
Rachel is currently renting Tape
Rachel is currently renting Tarp
Rebecca is currently renting PaintPan
Carl is currently renting Pitchfork
Rebecca is currently renting Shovel
Carrie is currently renting Wheelbarrow
Rachel is currently renting BagOfMix
Conner is currently renting Hose
Charlie is currently renting Sawhorse
Conner is currently renting Pruners
Conner is currently renting Canvas
Ron is currently renting Faucet
Tools left in the store are as follows: 
Weedeater
Joint
Mowers
Woodfile
Axe
Brush
Sealant
Gloves
Pipe
Saw
Mixer
Customer Ralph is adding tool Weedeater to their shopping cart
They are renting the tool for 4 day(s)
 Adding option accessory kit to their shopping cart before check out
Customer Ralph is checking out and paying 32
Customer Ralph is adding tool Joint to their shopping cart
They are renting the tool for 4 day(s)
 Adding option accessory kit to their shopping cart before check out
Customer Ralph is checking out and paying 32
The Store made 64 dollars today
Customers: 10
Day 12 is starting!
Customer Conner is returning tool: Hose
Active Rentals are as follows: 
Rachel is currently renting Tape
Rachel is currently renting Tarp
Rebecca is currently renting PaintPan
Carl is currently renting Pitchfork
Rebecca is currently renting Shovel
Carrie is currently renting Wheelbarrow
Rachel is currently renting BagOfMix
Charlie is currently renting Sawhorse
Ralph is currently renting Weedeater
Conner is currently renting Pruners
Conner is currently renting Canvas
Ralph is currently renting Joint
Ron is currently renting Faucet
Tools left in the store are as follows: 
Hose
Mowers
Woodfile
Axe
Brush
Sealant
Gloves
Pipe
Saw
Mixer
The Store made 0 dollars today
Customers: 6
Day 13 is starting!
Customer Carl is returning tool: Pitchfork
Customer Conner is returning tool: Pruners
Customer Conner is returning tool: Canvas
Customer Carrie is returning tool: Wheelbarrow
Customer Charlie is returning tool: Sawhorse
Customer Ron is returning tool: Faucet
Customer Rachel is returning tool: BagOfMix
Active Rentals are as follows: 
Rachel is currently renting Tape
Rachel is currently renting Tarp
Rebecca is currently renting PaintPan
Rebecca is currently renting Shovel
Ralph is currently renting Weedeater
Ralph is currently renting Joint
Tools left in the store are as follows: 
Pitchfork
Wheelbarrow
BagOfMix
Hose
Sawhorse
Pruners
Canvas
Mowers
Woodfile
Axe
Brush
Sealant
Gloves
Faucet
Pipe
Saw
Mixer
Customer Conner is adding tool Pitchfork to their shopping cart
They are renting the tool for 2 day(s)
 Adding option protective gear to their shopping cart before check out
 Adding option extension cord to their shopping cart before check out
 Adding option protective gear to their shopping cart before check out
 Adding option accessory kit to their shopping cart before check out
 Adding option protective gear to their shopping cart before check out
Customer Conner is checking out and paying 127
Customer Conner is adding tool Wheelbarrow to their shopping cart
They are renting the tool for 2 day(s)
 Adding option extension cord to their shopping cart before check out
 Adding option protective gear to their shopping cart before check out
 Adding option extension cord to their shopping cart before check out
 Adding option extension cord to their shopping cart before check out
 Adding option protective gear to their shopping cart before check out
 Adding option accessory kit to their shopping cart before check out
Customer Conner is checking out and paying 107
The Store made 234 dollars today
Customers: 11
Day 14 is starting!
Customer Rachel is returning tool: Tape
Customer Rachel is returning tool: Tarp
Active Rentals are as follows: 
Rebecca is currently renting PaintPan
Conner is currently renting Pitchfork
Rebecca is currently renting Shovel
Conner is currently renting Wheelbarrow
Ralph is currently renting Weedeater
Ralph is currently renting Joint
Tools left in the store are as follows: 
Tape
Tarp
BagOfMix
Hose
Sawhorse
Pruners
Canvas
Mowers
Woodfile
Axe
Brush
Sealant
Gloves
Faucet
Pipe
Saw
Mixer
Customer Rachel is adding tool Tape to their shopping cart
They are renting the tool for 3 day(s)
 Adding option protective gear to their shopping cart before check out
 Adding option extension cord to their shopping cart before check out
 Adding option extension cord to their shopping cart before check out
 Adding option extension cord to their shopping cart before check out
 Adding option extension cord to their shopping cart before check out
 Adding option extension cord to their shopping cart before check out
Customer Rachel is checking out and paying 62
Customer Ron is adding tool Tarp to their shopping cart
They are renting the tool for 3 day(s)
 Adding option extension cord to their shopping cart before check out
 Adding option accessory kit to their shopping cart before check out
Customer Ron is checking out and paying 37
Customer Ron is adding tool BagOfMix to their shopping cart
They are renting the tool for 3 day(s)
 Adding option extension cord to their shopping cart before check out
 Adding option extension cord to their shopping cart before check out
 Adding option accessory kit to their shopping cart before check out
Customer Ron is checking out and paying 42
Customer Carrie is adding tool Hose to their shopping cart
They are renting the tool for 1 day(s)
 Adding option accessory kit to their shopping cart before check out
Customer Carrie is checking out and paying 32
Customer Rachel is adding tool Sawhorse to their shopping cart
They are renting the tool for 5 day(s)
 Adding option protective gear to their shopping cart before check out
Customer Rachel is checking out and paying 37
Customer Rachel is adding tool Pruners to their shopping cart
They are renting the tool for 5 day(s)
 Adding option accessory kit to their shopping cart before check out
 Adding option extension cord to their shopping cart before check out
 Adding option extension cord to their shopping cart before check out
 Adding option protective gear to their shopping cart before check out
 Adding option accessory kit to their shopping cart before check out
Customer Rachel is checking out and paying 97
The Store made 307 dollars today
Customers: 2
Day 15 is starting!
Customer Rebecca is returning tool: Shovel
Customer Rebecca is returning tool: PaintPan
Active Rentals are as follows: 
Rachel is currently renting Tape
Ron is currently renting Tarp
Conner is currently renting Pitchfork
Conner is currently renting Wheelbarrow
Ron is currently renting BagOfMix
Carrie is currently renting Hose
Rachel is currently renting Sawhorse
Ralph is currently renting Weedeater
Rachel is currently renting Pruners
Ralph is currently renting Joint
Tools left in the store are as follows: 
PaintPan
Shovel
Canvas
Mowers
Woodfile
Axe
Brush
Sealant
Gloves
Faucet
Pipe
Saw
Mixer
The Store made 0 dollars today
Customers: 8
Day 16 is starting!
Customer Conner is returning tool: Pitchfork
Customer Conner is returning tool: Wheelbarrow
Customer Carrie is returning tool: Hose
Customer Ralph is returning tool: Weedeater
Customer Ralph is returning tool: Joint
Active Rentals are as follows: 
Rachel is currently renting Tape
Ron is currently renting Tarp
Ron is currently renting BagOfMix
Rachel is currently renting Sawhorse
Rachel is currently renting Pruners
Tools left in the store are as follows: 
PaintPan
Pitchfork
Shovel
Wheelbarrow
Hose
Weedeater
Canvas
Joint
Mowers
Woodfile
Axe
Brush
Sealant
Gloves
Faucet
Pipe
Saw
Mixer
Customer Charlie is adding tool PaintPan to their shopping cart
They are renting the tool for 2 day(s)
 Adding option extension cord to their shopping cart before check out
 Adding option extension cord to their shopping cart before check out
 Adding option extension cord to their shopping cart before check out
Customer Charlie is checking out and paying 22
The Store made 22 dollars today
Customers: 5
Day 17 is starting!
Active Rentals are as follows: 
Rachel is currently renting Tape
Ron is currently renting Tarp
Charlie is currently renting PaintPan
Ron is currently renting BagOfMix
Rachel is currently renting Sawhorse
Rachel is currently renting Pruners
Tools left in the store are as follows: 
Pitchfork
Shovel
Wheelbarrow
Hose
Weedeater
Canvas
Joint
Mowers
Woodfile
Axe
Brush
Sealant
Gloves
Faucet
Pipe
Saw
Mixer
Customer Charlie is adding tool Pitchfork to their shopping cart
They are renting the tool for 1 day(s)
 Adding option protective gear to their shopping cart before check out
 Adding option protective gear to their shopping cart before check out
Customer Charlie is checking out and paying 67
Customer Charlie is adding tool Shovel to their shopping cart
They are renting the tool for 1 day(s)
 Adding option protective gear to their shopping cart before check out
 Adding option extension cord to their shopping cart before check out
 Adding option protective gear to their shopping cart before check out
 Adding option protective gear to their shopping cart before check out
 Adding option accessory kit to their shopping cart before check out
Customer Charlie is checking out and paying 127
Customer Conner is adding tool Wheelbarrow to their shopping cart
They are renting the tool for 2 day(s)
 Adding option accessory kit to their shopping cart before check out
Customer Conner is checking out and paying 32
Customer Conner is adding tool Hose to their shopping cart
They are renting the tool for 2 day(s)
 Adding option extension cord to their shopping cart before check out
 Adding option extension cord to their shopping cart before check out
 Adding option accessory kit to their shopping cart before check out
 Adding option protective gear to their shopping cart before check out
 Adding option protective gear to their shopping cart before check out
 Adding option protective gear to their shopping cart before check out
Customer Conner is checking out and paying 132
Customer Carl is adding tool Weedeater to their shopping cart
They are renting the tool for 2 day(s)
 Adding option accessory kit to their shopping cart before check out
 Adding option protective gear to their shopping cart before check out
Customer Carl is checking out and paying 62
Customer Carl is adding tool Canvas to their shopping cart
They are renting the tool for 2 day(s)
 Adding option extension cord to their shopping cart before check out
 Adding option accessory kit to their shopping cart before check out
 Adding option protective gear to their shopping cart before check out
 Adding option accessory kit to their shopping cart before check out
Customer Carl is checking out and paying 92
The Store made 512 dollars today
Customers: 12
Day 18 is starting!
Customer Ron is returning tool: Tarp
Customer Ron is returning tool: BagOfMix
Customer Rachel is returning tool: Tape
Active Rentals are as follows: 
Charlie is currently renting PaintPan
Charlie is currently renting Pitchfork
Charlie is currently renting Shovel
Conner is currently renting Wheelbarrow
Conner is currently renting Hose
Rachel is currently renting Sawhorse
Carl is currently renting Weedeater
Rachel is currently renting Pruners
Carl is currently renting Canvas
Tools left in the store are as follows: 
Tape
Tarp
BagOfMix
Joint
Mowers
Woodfile
Axe
Brush
Sealant
Gloves
Faucet
Pipe
Saw
Mixer
Customer Ralph is adding tool Tape to their shopping cart
They are renting the tool for 3 day(s)
 Adding option extension cord to their shopping cart before check out
 Adding option protective gear to their shopping cart before check out
 Adding option accessory kit to their shopping cart before check out
 Adding option protective gear to their shopping cart before check out
 Adding option accessory kit to their shopping cart before check out
Customer Ralph is checking out and paying 122
Customer Carrie is adding tool Tarp to their shopping cart
They are renting the tool for 2 day(s)
 Adding option extension cord to their shopping cart before check out
 Adding option protective gear to their shopping cart before check out
 Adding option protective gear to their shopping cart before check out
Customer Carrie is checking out and paying 72
Customer Ron is adding tool BagOfMix to their shopping cart
They are renting the tool for 3 day(s)
 Adding option extension cord to their shopping cart before check out
 Adding option accessory kit to their shopping cart before check out
 Adding option extension cord to their shopping cart before check out
 Adding option extension cord to their shopping cart before check out
Customer Ron is checking out and paying 47
Customer Ron is adding tool Joint to their shopping cart
They are renting the tool for 3 day(s)
Customer Ron is checking out and paying 7
Customer Rebecca is adding tool Mowers to their shopping cart
They are renting the tool for 3 day(s)
 Adding option accessory kit to their shopping cart before check out
 Adding option extension cord to their shopping cart before check out
 Adding option extension cord to their shopping cart before check out
Customer Rebecca is checking out and paying 42
Customer Rebecca is adding tool Woodfile to their shopping cart
They are renting the tool for 3 day(s)
 Adding option accessory kit to their shopping cart before check out
 Adding option protective gear to their shopping cart before check out
 Adding option accessory kit to their shopping cart before check out
 Adding option extension cord to their shopping cart before check out
 Adding option protective gear to their shopping cart before check out
 Adding option extension cord to their shopping cart before check out
Customer Rebecca is checking out and paying 127
The Store made 417 dollars today
Customers: 12
Day 19 is starting!
Customer Charlie is returning tool: PaintPan
Customer Charlie is returning tool: Pitchfork
Customer Charlie is returning tool: Shovel
Active Rentals are as follows: 
Ralph is currently renting Tape
Carrie is currently renting Tarp
Conner is currently renting Wheelbarrow
Ron is currently renting BagOfMix
Conner is currently renting Hose
Rachel is currently renting Sawhorse
Carl is currently renting Weedeater
Rachel is currently renting Pruners
Carl is currently renting Canvas
Ron is currently renting Joint
Rebecca is currently renting Mowers
Rebecca is currently renting Woodfile
Tools left in the store are as follows: 
PaintPan
Pitchfork
Shovel
Axe
Brush
Sealant
Gloves
Faucet
Pipe
Saw
Mixer
Customer Charlie is adding tool PaintPan to their shopping cart
They are renting the tool for 1 day(s)
 Adding option extension cord to their shopping cart before check out
 Adding option extension cord to their shopping cart before check out
 Adding option accessory kit to their shopping cart before check out
 Adding option protective gear to their shopping cart before check out
 Adding option extension cord to their shopping cart before check out
 Adding option protective gear to their shopping cart before check out
Customer Charlie is checking out and paying 107
Customer Charlie is adding tool Pitchfork to their shopping cart
They are renting the tool for 1 day(s)
 Adding option protective gear to their shopping cart before check out
Customer Charlie is checking out and paying 37
The Store made 144 dollars today
Customers: 7
Day 20 is starting!
Customer Carl is returning tool: Weedeater
Customer Carl is returning tool: Canvas
Customer Conner is returning tool: Wheelbarrow
Customer Conner is returning tool: Hose
Customer Rachel is returning tool: Sawhorse
Customer Rachel is returning tool: Pruners
Active Rentals are as follows: 
Ralph is currently renting Tape
Carrie is currently renting Tarp
Charlie is currently renting PaintPan
Charlie is currently renting Pitchfork
Ron is currently renting BagOfMix
Ron is currently renting Joint
Rebecca is currently renting Mowers
Rebecca is currently renting Woodfile
Tools left in the store are as follows: 
Shovel
Wheelbarrow
Hose
Sawhorse
Weedeater
Pruners
Canvas
Axe
Brush
Sealant
Gloves
Faucet
Pipe
Saw
Mixer
Customer Ralph is adding tool Shovel to their shopping cart
They are renting the tool for 4 day(s)
 Adding option protective gear to their shopping cart before check out
 Adding option protective gear to their shopping cart before check out
 Adding option extension cord to their shopping cart before check out
 Adding option extension cord to their shopping cart before check out
 Adding option accessory kit to their shopping cart before check out
Customer Ralph is checking out and paying 102
Customer Ralph is adding tool Wheelbarrow to their shopping cart
They are renting the tool for 4 day(s)
 Adding option accessory kit to their shopping cart before check out
 Adding option accessory kit to their shopping cart before check out
 Adding option extension cord to their shopping cart before check out
 Adding option extension cord to their shopping cart before check out
 Adding option protective gear to their shopping cart before check out
 Adding option accessory kit to their shopping cart before check out
Customer Ralph is checking out and paying 122
The Store made 224 dollars today
Customers: 7
Day 21 is starting!
Customer Carrie is returning tool: Tarp
Customer Charlie is returning tool: PaintPan
Customer Charlie is returning tool: Pitchfork
Active Rentals are as follows: 
Ralph is currently renting Tape
Ralph is currently renting Shovel
Ralph is currently renting Wheelbarrow
Ron is currently renting BagOfMix
Ron is currently renting Joint
Rebecca is currently renting Mowers
Rebecca is currently renting Woodfile
Tools left in the store are as follows: 
Tarp
PaintPan
Pitchfork
Hose
Sawhorse
Weedeater
Pruners
Canvas
Axe
Brush
Sealant
Gloves
Faucet
Pipe
Saw
Mixer
Customer Charlie is adding tool Tarp to their shopping cart
They are renting the tool for 2 day(s)
 Adding option accessory kit to their shopping cart before check out
 Adding option accessory kit to their shopping cart before check out
Customer Charlie is checking out and paying 57
Customer Carrie is adding tool PaintPan to their shopping cart
They are renting the tool for 2 day(s)
 Adding option protective gear to their shopping cart before check out
 Adding option protective gear to their shopping cart before check out
 Adding option extension cord to their shopping cart before check out
Customer Carrie is checking out and paying 72
Customer Carrie is adding tool Pitchfork to their shopping cart
They are renting the tool for 2 day(s)
 Adding option protective gear to their shopping cart before check out
 Adding option accessory kit to their shopping cart before check out
 Adding option extension cord to their shopping cart before check out
 Adding option extension cord to their shopping cart before check out
 Adding option protective gear to their shopping cart before check out
 Adding option protective gear to their shopping cart before check out
Customer Carrie is checking out and paying 132
Customer Carl is adding tool Hose to their shopping cart
They are renting the tool for 2 day(s)
 Adding option extension cord to their shopping cart before check out
 Adding option protective gear to their shopping cart before check out
Customer Carl is checking out and paying 42
Customer Carl is adding tool Sawhorse to their shopping cart
They are renting the tool for 2 day(s)
Customer Carl is checking out and paying 7
Customer Conner is adding tool Weedeater to their shopping cart
They are renting the tool for 1 day(s)
 Adding option accessory kit to their shopping cart before check out
 Adding option extension cord to their shopping cart before check out
 Adding option accessory kit to their shopping cart before check out
 Adding option protective gear to their shopping cart before check out
 Adding option extension cord to their shopping cart before check out
 Adding option accessory kit to their shopping cart before check out
Customer Conner is checking out and paying 122
The Store made 432 dollars today
Customers: 7
Day 22 is starting!
Customer Ron is returning tool: BagOfMix
Customer Ron is returning tool: Joint
Customer Ralph is returning tool: Tape
Customer Rebecca is returning tool: Mowers
Customer Rebecca is returning tool: Woodfile
Active Rentals are as follows: 
Charlie is currently renting Tarp
Carrie is currently renting PaintPan
Carrie is currently renting Pitchfork
Ralph is currently renting Shovel
Ralph is currently renting Wheelbarrow
Carl is currently renting Hose
Carl is currently renting Sawhorse
Conner is currently renting Weedeater
Tools left in the store are as follows: 
Tape
BagOfMix
Pruners
Canvas
Joint
Mowers
Woodfile
Axe
Brush
Sealant
Gloves
Faucet
Pipe
Saw
Mixer
Customer Rachel is adding tool Tape to their shopping cart
They are renting the tool for 3 day(s)
 Adding option protective gear to their shopping cart before check out
Customer Rachel is checking out and paying 37
Customer Rachel is adding tool BagOfMix to their shopping cart
They are renting the tool for 3 day(s)
 Adding option protective gear to their shopping cart before check out
Customer Rachel is checking out and paying 37
The Store made 74 dollars today
Customers: 11
Day 23 is starting!
Customer Conner is returning tool: Weedeater
Active Rentals are as follows: 
Rachel is currently renting Tape
Charlie is currently renting Tarp
Carrie is currently renting PaintPan
Carrie is currently renting Pitchfork
Ralph is currently renting Shovel
Ralph is currently renting Wheelbarrow
Rachel is currently renting BagOfMix
Carl is currently renting Hose
Carl is currently renting Sawhorse
Tools left in the store are as follows: 
Weedeater
Pruners
Canvas
Joint
Mowers
Woodfile
Axe
Brush
Sealant
Gloves
Faucet
Pipe
Saw
Mixer
Customer Conner is adding tool Weedeater to their shopping cart
They are renting the tool for 2 day(s)
 Adding option protective gear to their shopping cart before check out
Customer Conner is checking out and paying 37
Customer Conner is adding tool Pruners to their shopping cart
They are renting the tool for 2 day(s)
 Adding option protective gear to their shopping cart before check out
 Adding option accessory kit to their shopping cart before check out
Customer Conner is checking out and paying 62
Customer Rebecca is adding tool Canvas to their shopping cart
They are renting the tool for 3 day(s)
 Adding option extension cord to their shopping cart before check out
 Adding option extension cord to their shopping cart before check out
Customer Rebecca is checking out and paying 17
Customer Rebecca is adding tool Joint to their shopping cart
They are renting the tool for 3 day(s)
 Adding option extension cord to their shopping cart before check out
Customer Rebecca is checking out and paying 12
Customer Ron is adding tool Mowers to their shopping cart
They are renting the tool for 5 day(s)
Customer Ron is checking out and paying 7
Customer Ron is adding tool Woodfile to their shopping cart
They are renting the tool for 5 day(s)
 Adding option extension cord to their shopping cart before check out
Customer Ron is checking out and paying 12
The Store made 147 dollars today
Customers: 6
Day 24 is starting!
Customer Carl is returning tool: Hose
Customer Carl is returning tool: Sawhorse
Customer Carrie is returning tool: Pitchfork
Customer Carrie is returning tool: PaintPan
Customer Charlie is returning tool: Tarp
Active Rentals are as follows: 
Rachel is currently renting Tape
Ralph is currently renting Shovel
Ralph is currently renting Wheelbarrow
Rachel is currently renting BagOfMix
Conner is currently renting Weedeater
Conner is currently renting Pruners
Rebecca is currently renting Canvas
Rebecca is currently renting Joint
Ron is currently renting Mowers
Ron is currently renting Woodfile
Tools left in the store are as follows: 
Tarp
PaintPan
Pitchfork
Hose
Sawhorse
Axe
Brush
Sealant
Gloves
Faucet
Pipe
Saw
Mixer
Customer Charlie is adding tool Tarp to their shopping cart
They are renting the tool for 1 day(s)
 Adding option protective gear to their shopping cart before check out
 Adding option extension cord to their shopping cart before check out
 Adding option accessory kit to their shopping cart before check out
 Adding option extension cord to their shopping cart before check out
 Adding option extension cord to their shopping cart before check out
Customer Charlie is checking out and paying 77
Customer Charlie is adding tool PaintPan to their shopping cart
They are renting the tool for 1 day(s)
 Adding option extension cord to their shopping cart before check out
 Adding option protective gear to their shopping cart before check out
Customer Charlie is checking out and paying 42
The Store made 119 dollars today
Customers: 4
Day 25 is starting!
Customer Ralph is returning tool: Shovel
Customer Ralph is returning tool: Wheelbarrow
Active Rentals are as follows: 
Rachel is currently renting Tape
Charlie is currently renting Tarp
Charlie is currently renting PaintPan
Rachel is currently renting BagOfMix
Conner is currently renting Weedeater
Conner is currently renting Pruners
Rebecca is currently renting Canvas
Rebecca is currently renting Joint
Ron is currently renting Mowers
Ron is currently renting Woodfile
Tools left in the store are as follows: 
Pitchfork
Shovel
Wheelbarrow
Hose
Sawhorse
Axe
Brush
Sealant
Gloves
Faucet
Pipe
Saw
Mixer
The Store made 0 dollars today
Customers: 1
Day 26 is starting!
Customer Conner is returning tool: Weedeater
Customer Conner is returning tool: Pruners
Customer Charlie is returning tool: Tarp
Customer Charlie is returning tool: PaintPan
Customer Rachel is returning tool: Tape
Customer Rachel is returning tool: BagOfMix
Active Rentals are as follows: 
Rebecca is currently renting Canvas
Rebecca is currently renting Joint
Ron is currently renting Mowers
Ron is currently renting Woodfile
Tools left in the store are as follows: 
Tape
Tarp
PaintPan
Pitchfork
Shovel
Wheelbarrow
BagOfMix
Hose
Sawhorse
Weedeater
Pruners
Axe
Brush
Sealant
Gloves
Faucet
Pipe
Saw
Mixer
Customer Carl is adding tool Tape to their shopping cart
They are renting the tool for 2 day(s)
 Adding option accessory kit to their shopping cart before check out
 Adding option protective gear to their shopping cart before check out
 Adding option extension cord to their shopping cart before check out
 Adding option extension cord to their shopping cart before check out
 Adding option protective gear to their shopping cart before check out
Customer Carl is checking out and paying 102
The Store made 102 dollars today
Customers: 8
Day 27 is starting!
Customer Rebecca is returning tool: Canvas
Customer Rebecca is returning tool: Joint
Active Rentals are as follows: 
Carl is currently renting Tape
Ron is currently renting Mowers
Ron is currently renting Woodfile
Tools left in the store are as follows: 
Tarp
PaintPan
Pitchfork
Shovel
Wheelbarrow
BagOfMix
Hose
Sawhorse
Weedeater
Pruners
Canvas
Joint
Axe
Brush
Sealant
Gloves
Faucet
Pipe
Saw
Mixer
Customer Carrie is adding tool Tarp to their shopping cart
They are renting the tool for 2 day(s)
 Adding option extension cord to their shopping cart before check out
Customer Carrie is checking out and paying 12
Customer Carrie is adding tool PaintPan to their shopping cart
They are renting the tool for 2 day(s)
 Adding option accessory kit to their shopping cart before check out
 Adding option protective gear to their shopping cart before check out
 Adding option protective gear to their shopping cart before check out
 Adding option accessory kit to their shopping cart before check out
 Adding option accessory kit to their shopping cart before check out
 Adding option protective gear to their shopping cart before check out
Customer Carrie is checking out and paying 172
Customer Conner is adding tool Pitchfork to their shopping cart
They are renting the tool for 1 day(s)
 Adding option extension cord to their shopping cart before check out
Customer Conner is checking out and paying 12
Customer Conner is adding tool Shovel to their shopping cart
They are renting the tool for 1 day(s)
 Adding option extension cord to their shopping cart before check out
 Adding option extension cord to their shopping cart before check out
 Adding option extension cord to their shopping cart before check out
 Adding option protective gear to their shopping cart before check out
 Adding option protective gear to their shopping cart before check out
 Adding option protective gear to their shopping cart before check out
Customer Conner is checking out and paying 112
Customer Rebecca is adding tool Wheelbarrow to their shopping cart
They are renting the tool for 3 day(s)
Customer Rebecca is checking out and paying 7
Customer Ralph is adding tool BagOfMix to their shopping cart
They are renting the tool for 5 day(s)
 Adding option accessory kit to their shopping cart before check out
Customer Ralph is checking out and paying 32
The Store made 347 dollars today
Customers: 7
Day 28 is starting!
Active Rentals are as follows: 
Carl is currently renting Tape
Carrie is currently renting Tarp
Carrie is currently renting PaintPan
Conner is currently renting Pitchfork
Conner is currently renting Shovel
Rebecca is currently renting Wheelbarrow
Ralph is currently renting BagOfMix
Ron is currently renting Mowers
Ron is currently renting Woodfile
Tools left in the store are as follows: 
Hose
Sawhorse
Weedeater
Pruners
Canvas
Joint
Axe
Brush
Sealant
Gloves
Faucet
Pipe
Saw
Mixer
Customer Charlie is adding tool Hose to their shopping cart
They are renting the tool for 1 day(s)
 Adding option extension cord to their shopping cart before check out
 Adding option extension cord to their shopping cart before check out
 Adding option accessory kit to their shopping cart before check out
Customer Charlie is checking out and paying 42
Customer Charlie is adding tool Sawhorse to their shopping cart
They are renting the tool for 1 day(s)
Customer Charlie is checking out and paying 7
The Store made 49 dollars today
Customers: 9
Day 29 is starting!
Customer Carl is returning tool: Tape
Customer Conner is returning tool: Pitchfork
Customer Conner is returning tool: Shovel
Customer Ron is returning tool: Mowers
Customer Ron is returning tool: Woodfile
Active Rentals are as follows: 
Carrie is currently renting Tarp
Carrie is currently renting PaintPan
Rebecca is currently renting Wheelbarrow
Ralph is currently renting BagOfMix
Charlie is currently renting Hose
Charlie is currently renting Sawhorse
Tools left in the store are as follows: 
Tape
Pitchfork
Shovel
Weedeater
Pruners
Canvas
Joint
Mowers
Woodfile
Axe
Brush
Sealant
Gloves
Faucet
Pipe
Saw
Mixer
Customer Rebecca is adding tool Tape to their shopping cart
They are renting the tool for 4 day(s)
 Adding option extension cord to their shopping cart before check out
 Adding option accessory kit to their shopping cart before check out
 Adding option protective gear to their shopping cart before check out
 Adding option protective gear to their shopping cart before check out
 Adding option extension cord to their shopping cart before check out
 Adding option accessory kit to their shopping cart before check out
Customer Rebecca is checking out and paying 127
Customer Rebecca is adding tool Pitchfork to their shopping cart
They are renting the tool for 4 day(s)
 Adding option accessory kit to their shopping cart before check out
 Adding option accessory kit to their shopping cart before check out
 Adding option protective gear to their shopping cart before check out
 Adding option extension cord to their shopping cart before check out
Customer Rebecca is checking out and paying 92
The Store made 219 dollars today
Customers: 5
Day 30 is starting!
Customer Carrie is returning tool: Tarp
Customer Carrie is returning tool: PaintPan
Customer Charlie is returning tool: Hose
Customer Charlie is returning tool: Sawhorse
Active Rentals are as follows: 
Rebecca is currently renting Tape
Rebecca is currently renting Pitchfork
Rebecca is currently renting Wheelbarrow
Ralph is currently renting BagOfMix
Tools left in the store are as follows: 
Tarp
PaintPan
Shovel
Hose
Sawhorse
Weedeater
Pruners
Canvas
Joint
Mowers
Woodfile
Axe
Brush
Sealant
Gloves
Faucet
Pipe
Saw
Mixer
Customer Rachel is adding tool Tarp to their shopping cart
They are renting the tool for 3 day(s)
 Adding option protective gear to their shopping cart before check out
 Adding option extension cord to their shopping cart before check out
 Adding option extension cord to their shopping cart before check out
 Adding option accessory kit to their shopping cart before check out
 Adding option protective gear to their shopping cart before check out
 Adding option accessory kit to their shopping cart before check out
Customer Rachel is checking out and paying 127
The Store made 127 dollars today
Customers: 5
Day 31 is starting!
Customer Rebecca is returning tool: Wheelbarrow
Active Rentals are as follows: 
Rebecca is currently renting Tape
Rachel is currently renting Tarp
Rebecca is currently renting Pitchfork
Ralph is currently renting BagOfMix
Tools left in the store are as follows: 
PaintPan
Shovel
Wheelbarrow
Hose
Sawhorse
Weedeater
Pruners
Canvas
Joint
Mowers
Woodfile
Axe
Brush
Sealant
Gloves
Faucet
Pipe
Saw
Mixer
Customer Conner is adding tool PaintPan to their shopping cart
They are renting the tool for 2 day(s)
 Adding option extension cord to their shopping cart before check out
 Adding option extension cord to their shopping cart before check out
 Adding option accessory kit to their shopping cart before check out
 Adding option accessory kit to their shopping cart before check out
 Adding option protective gear to their shopping cart before check out
 Adding option protective gear to their shopping cart before check out
Customer Conner is checking out and paying 127
Customer Charlie is adding tool Shovel to their shopping cart
They are renting the tool for 2 day(s)
 Adding option accessory kit to their shopping cart before check out
Customer Charlie is checking out and paying 32
The Store made 159 dollars today
Customers: 1
Day 32 is starting!
Active Rentals are as follows: 
Rebecca is currently renting Tape
Rachel is currently renting Tarp
Conner is currently renting PaintPan
Rebecca is currently renting Pitchfork
Charlie is currently renting Shovel
Ralph is currently renting BagOfMix
Tools left in the store are as follows: 
Wheelbarrow
Hose
Sawhorse
Weedeater
Pruners
Canvas
Joint
Mowers
Woodfile
Axe
Brush
Sealant
Gloves
Faucet
Pipe
Saw
Mixer
The Store made 0 dollars today
Customers: 1
Day 33 is starting!
Customer Ralph is returning tool: BagOfMix
Active Rentals are as follows: 
Rebecca is currently renting Tape
Rachel is currently renting Tarp
Conner is currently renting PaintPan
Rebecca is currently renting Pitchfork
Charlie is currently renting Shovel
Tools left in the store are as follows: 
Wheelbarrow
BagOfMix
Hose
Sawhorse
Weedeater
Pruners
Canvas
Joint
Mowers
Woodfile
Axe
Brush
Sealant
Gloves
Faucet
Pipe
Saw
Mixer
The Store made 0 dollars today
Customers: 8
Day 34 is starting!
Customer Conner is returning tool: PaintPan
Customer Charlie is returning tool: Shovel
Customer Rachel is returning tool: Tarp
Customer Rebecca is returning tool: Tape
Customer Rebecca is returning tool: Pitchfork
Active Rentals are as follows: 
Tools left in the store are as follows: 
Tape
Tarp
PaintPan
Pitchfork
Shovel
Wheelbarrow
BagOfMix
Hose
Sawhorse
Weedeater
Pruners
Canvas
Joint
Mowers
Woodfile
Axe
Brush
Sealant
Gloves
Faucet
Pipe
Saw
Mixer
Customer Ron is adding tool Tape to their shopping cart
They are renting the tool for 4 day(s)
 Adding option protective gear to their shopping cart before check out
 Adding option accessory kit to their shopping cart before check out
 Adding option accessory kit to their shopping cart before check out
Customer Ron is checking out and paying 87
Customer Ron is adding tool Tarp to their shopping cart
They are renting the tool for 4 day(s)
Customer Ron is checking out and paying 7
Customer Rebecca is adding tool PaintPan to their shopping cart
They are renting the tool for 4 day(s)
 Adding option accessory kit to their shopping cart before check out
Customer Rebecca is checking out and paying 32
Customer Rebecca is adding tool Pitchfork to their shopping cart
They are renting the tool for 4 day(s)
 Adding option extension cord to their shopping cart before check out
 Adding option protective gear to their shopping cart before check out
Customer Rebecca is checking out and paying 42
Customer Ralph is adding tool Shovel to their shopping cart
They are renting the tool for 5 day(s)
 Adding option protective gear to their shopping cart before check out
 Adding option protective gear to their shopping cart before check out
Customer Ralph is checking out and paying 67
Customer Ralph is adding tool Wheelbarrow to their shopping cart
They are renting the tool for 5 day(s)
 Adding option accessory kit to their shopping cart before check out
 Adding option extension cord to their shopping cart before check out
 Adding option protective gear to their shopping cart before check out
 Adding option protective gear to their shopping cart before check out
 Adding option extension cord to their shopping cart before check out
Customer Ralph is checking out and paying 102
Customer Conner is adding tool BagOfMix to their shopping cart
They are renting the tool for 1 day(s)
Customer Conner is checking out and paying 7
Customer Conner is adding tool Hose to their shopping cart
They are renting the tool for 1 day(s)
Customer Conner is checking out and paying 7
The Store made 351 dollars today
Customers: 7
Day 35 is starting!
Active Rentals are as follows: 
Ron is currently renting Tape
Ron is currently renting Tarp
Rebecca is currently renting PaintPan
Rebecca is currently renting Pitchfork
Ralph is currently renting Shovel
Ralph is currently renting Wheelbarrow
Conner is currently renting BagOfMix
Conner is currently renting Hose
Tools left in the store are as follows: 
Sawhorse
Weedeater
Pruners
Canvas
Joint
Mowers
Woodfile
Axe
Brush
Sealant
Gloves
Faucet
Pipe
Saw
Mixer
Customer Rachel is adding tool Sawhorse to their shopping cart
They are renting the tool for 5 day(s)
 Adding option accessory kit to their shopping cart before check out
 Adding option protective gear to their shopping cart before check out
 Adding option protective gear to their shopping cart before check out
 Adding option protective gear to their shopping cart before check out
Customer Rachel is checking out and paying 122
Customer Rachel is adding tool Weedeater to their shopping cart
They are renting the tool for 5 day(s)
 Adding option protective gear to their shopping cart before check out
 Adding option protective gear to their shopping cart before check out
 Adding option extension cord to their shopping cart before check out
Customer Rachel is checking out and paying 72
Customer Carrie is adding tool Pruners to their shopping cart
They are renting the tool for 2 day(s)
 Adding option accessory kit to their shopping cart before check out
 Adding option extension cord to their shopping cart before check out
 Adding option extension cord to their shopping cart before check out
 Adding option protective gear to their shopping cart before check out
Customer Carrie is checking out and paying 72
Customer Carl is adding tool Canvas to their shopping cart
They are renting the tool for 1 day(s)
 Adding option accessory kit to their shopping cart before check out
 Adding option extension cord to their shopping cart before check out
 Adding option extension cord to their shopping cart before check out
 Adding option protective gear to their shopping cart before check out
 Adding option extension cord to their shopping cart before check out
 Adding option extension cord to their shopping cart before check out
Customer Carl is checking out and paying 82
The Store made 348 dollars today
